<?xml version="1.0" encoding="UTF-8"?>
<testng-results total="1" passed="1" failed="0" skipped="0">
  <reporter-output>
  </reporter-output>
  <suite started-at="2019-07-05T14:21:54Z" name="Default suite" finished-at="2019-07-05T14:22:29Z" duration-ms="34953">
    <groups>
    </groups>
    <test started-at="2019-07-05T14:21:54Z" name="Default test" finished-at="2019-07-05T14:22:29Z" duration-ms="34953">
      <class name="SignInTest">
        <test-method is-config="true" signature="Start()[pri:0, instance:SignInTest@17d0685f]" started-at="2019-07-05T19:51:54Z" name="Start" finished-at="2019-07-05T19:52:14Z" duration-ms="19102" status="PASS">
          <reporter-output>
          </reporter-output>
        </test-method> <!-- Start -->
        <test-method signature="shouldThrowAnErrorIfSignInDetailsAreMissing()[pri:0, instance:SignInTest@17d0685f]" started-at="2019-07-05T19:52:14Z" name="shouldThrowAnErrorIfSignInDetailsAreMissing" finished-at="2019-07-05T19:52:29Z" duration-ms="14925" status="PASS">
          <reporter-output>
          </reporter-output>
        </test-method> <!-- shouldThrowAnErrorIfSignInDetailsAreMissing -->
        <test-method is-config="true" signature="Close()[pri:0, instance:SignInTest@17d0685f]" started-at="2019-07-05T19:52:29Z" name="Close" finished-at="2019-07-05T19:52:29Z" duration-ms="875" status="PASS">
          <reporter-output>
          </reporter-output>
        </test-method> <!-- Close -->
      </class> <!-- SignInTest -->
    </test> <!-- Default test -->
  </suite> <!-- Default suite -->
</testng-results>
