<?xml version="1.0" encoding="UTF-8"?>
<testng-results total="1" passed="1" failed="0" skipped="0">
  <reporter-output>
  </reporter-output>
  <suite started-at="2019-07-05T11:09:25Z" name="Default suite" finished-at="2019-07-05T11:09:38Z" duration-ms="12170">
    <groups>
    </groups>
    <test started-at="2019-07-05T11:09:25Z" name="Default test" finished-at="2019-07-05T11:09:38Z" duration-ms="12170">
      <class name="SignInTest">
        <test-method signature="shouldThrowAnErrorIfSignInDetailsAreMissing()[pri:0, instance:SignInTest@432038ec]" started-at="2019-07-05T16:39:25Z" name="shouldThrowAnErrorIfSignInDetailsAreMissing" finished-at="2019-07-05T16:39:37Z" duration-ms="12149" status="PASS">
          <reporter-output>
          </reporter-output>
        </test-method> <!-- shouldThrowAnErrorIfSignInDetailsAreMissing -->
      </class> <!-- SignInTest -->
    </test> <!-- Default test -->
  </suite> <!-- Default suite -->
</testng-results>
